<?xml version="1.0" encoding="UTF-8"?>
<!-- Generated by org.testng.reporters.JUnitReportReporter -->
<testsuite skipped="0" hostname="WIN-GEDESCREUP8" name="Test.NewTest" tests="1" failures="0" timestamp="04 Mar 2018 16:41:47 GMT" time="2.693" errors="0">
  <testcase name="mavenTest" time="2.693" classname="Test.NewTest"/>
</testsuite> <!-- Test.NewTest -->
